!SESSION 2019-10-15 10:56:41.826 -----------------------------------------------
eclipse.buildId=2019.1
java.version=9.0.4
java.vendor=Oracle Corporation
BootLoader constants: OS=linux, ARCH=x86_64, WS=gtk, NL=en_AU
Command-line arguments:  -os linux -ws gtk -arch x86_64 -data /data/FRIGG_2/craft/sdaccel_workspace

!ENTRY com.xilinx.sdx.aie.core 4 0 2019-10-15 10:56:42.669
!MESSAGE FrameworkEvent ERROR
!STACK 0
org.osgi.framework.BundleException: Could not resolve module: com.xilinx.sdx.aie.core [78]
Bundle was filtered by a resolver hook.

	at org.eclipse.osgi.container.Module.start(Module.java:444)
	at org.eclipse.osgi.container.ModuleContainer$ContainerStartLevel.incStartLevel(ModuleContainer.java:1634)
	at org.eclipse.osgi.container.ModuleContainer$ContainerStartLevel.incStartLevel(ModuleContainer.java:1613)
	at org.eclipse.osgi.container.ModuleContainer$ContainerStartLevel.doContainerStartLevel(ModuleContainer.java:1585)
	at org.eclipse.osgi.container.ModuleContainer$ContainerStartLevel.dispatchEvent(ModuleContainer.java:1528)
	at org.eclipse.osgi.container.ModuleContainer$ContainerStartLevel.dispatchEvent(ModuleContainer.java:1)
	at org.eclipse.osgi.framework.eventmgr.EventManager.dispatchEvent(EventManager.java:230)
	at org.eclipse.osgi.framework.eventmgr.EventManager$EventThread.run(EventManager.java:340)

!ENTRY com.xilinx.sdx.aie.debug 4 0 2019-10-15 10:56:42.670
!MESSAGE FrameworkEvent ERROR
!STACK 0
org.osgi.framework.BundleException: Could not resolve module: com.xilinx.sdx.aie.debug [79]
Bundle was filtered by a resolver hook.

	at org.eclipse.osgi.container.Module.start(Module.java:444)
	at org.eclipse.osgi.container.ModuleContainer$ContainerStartLevel.incStartLevel(ModuleContainer.java:1634)
	at org.eclipse.osgi.container.ModuleContainer$ContainerStartLevel.incStartLevel(ModuleContainer.java:1613)
	at org.eclipse.osgi.container.ModuleContainer$ContainerStartLevel.doContainerStartLevel(ModuleContainer.java:1585)
	at org.eclipse.osgi.container.ModuleContainer$ContainerStartLevel.dispatchEvent(ModuleContainer.java:1528)
	at org.eclipse.osgi.container.ModuleContainer$ContainerStartLevel.dispatchEvent(ModuleContainer.java:1)
	at org.eclipse.osgi.framework.eventmgr.EventManager.dispatchEvent(EventManager.java:230)
	at org.eclipse.osgi.framework.eventmgr.EventManager$EventThread.run(EventManager.java:340)

!ENTRY com.xilinx.sdx.aie.model 4 0 2019-10-15 10:56:42.671
!MESSAGE FrameworkEvent ERROR
!STACK 0
org.osgi.framework.BundleException: Could not resolve module: com.xilinx.sdx.aie.model [80]
Bundle was filtered by a resolver hook.

	at org.eclipse.osgi.container.Module.start(Module.java:444)
	at org.eclipse.osgi.container.ModuleContainer$ContainerStartLevel.incStartLevel(ModuleContainer.java:1634)
	at org.eclipse.osgi.container.ModuleContainer$ContainerStartLevel.incStartLevel(ModuleContainer.java:1613)
	at org.eclipse.osgi.container.ModuleContainer$ContainerStartLevel.doContainerStartLevel(ModuleContainer.java:1585)
	at org.eclipse.osgi.container.ModuleContainer$ContainerStartLevel.dispatchEvent(ModuleContainer.java:1528)
	at org.eclipse.osgi.container.ModuleContainer$ContainerStartLevel.dispatchEvent(ModuleContainer.java:1)
	at org.eclipse.osgi.framework.eventmgr.EventManager.dispatchEvent(EventManager.java:230)
	at org.eclipse.osgi.framework.eventmgr.EventManager$EventThread.run(EventManager.java:340)

!ENTRY org.eclipse.emf.ecore 2 0 2019-10-15 10:56:45.583
!MESSAGE Both 'com.autoesl.autopilot.ui.models' and 'com.autoesl.autopilot.ui.models' register a package for 'com.autoesl.autopilot.solution'

!ENTRY org.eclipse.ui 2 0 2019-10-15 10:56:45.911
!MESSAGE Warnings while parsing the commands from the 'org.eclipse.ui.commands' and 'org.eclipse.ui.actionDefinitions' extension points.
!SUBENTRY 1 org.eclipse.ui 2 0 2019-10-15 10:56:45.911
!MESSAGE Commands should really have a category: plug-in='com.xilinx.sdk.appwiz', id='com.xilinx.sdk.app.commands.ChangeAtfBuiltReferences', categoryId='com.xilinx.sdk.app.commands.category'

!ENTRY org.eclipse.ui 2 0 2019-10-15 10:56:46.720
!MESSAGE Warnings while parsing the commands from the 'org.eclipse.ui.commands' and 'org.eclipse.ui.actionDefinitions' extension points.
!SUBENTRY 1 org.eclipse.ui 2 0 2019-10-15 10:56:46.721
!MESSAGE Commands should really have a category: plug-in='com.xilinx.sdk.appwiz', id='com.xilinx.sdk.app.commands.ChangeAtfBuiltReferences', categoryId='com.xilinx.sdk.app.commands.category'

!ENTRY org.eclipse.ui 4 4 2019-10-15 10:56:47.399
!MESSAGE Conflicting handlers for com.xilinx.sdx.system.core.importSourcesCommand: {com.xilinx.sdx.system.core.handler.ImportSourcesHandler} vs {com.xilinx.sdx.system.core.handler.ImportSourcesHandler}

!ENTRY com.xilinx.sdx.ui.utils 4 0 2019-10-15 10:56:50.785
!MESSAGE Mount point not found
!STACK 0
java.io.IOException: Mount point not found
	at java.base/sun.nio.fs.LinuxFileStore.findMountEntry(Unknown Source)
	at java.base/sun.nio.fs.UnixFileStore.<init>(Unknown Source)
	at java.base/sun.nio.fs.LinuxFileStore.<init>(Unknown Source)
	at java.base/sun.nio.fs.LinuxFileSystemProvider.getFileStore(Unknown Source)
	at java.base/sun.nio.fs.LinuxFileSystemProvider.getFileStore(Unknown Source)
	at java.base/sun.nio.fs.UnixFileSystemProvider.getFileStore(Unknown Source)
	at java.base/java.nio.file.Files.getFileStore(Unknown Source)
	at com.xilinx.sdk.startup.InitSDK.checkHomeDirUsableSpace(InitSDK.java:170)
	at com.xilinx.sdk.startup.InitSDK.earlyStartup(InitSDK.java:125)
	at org.eclipse.ui.internal.EarlyStartupRunnable.runEarlyStartup(EarlyStartupRunnable.java:77)
	at org.eclipse.ui.internal.EarlyStartupRunnable.run(EarlyStartupRunnable.java:53)
	at org.eclipse.core.runtime.SafeRunner.run(SafeRunner.java:42)
	at org.eclipse.ui.internal.Workbench$40.run(Workbench.java:2747)
	at org.eclipse.core.internal.jobs.Worker.run(Worker.java:56)
